<?xml version="1.0" encoding="UTF-8"?>
<testng-results ignored="0" total="1" passed="1" failed="0" skipped="0">
  <reporter-output>
  </reporter-output>
  <suite started-at="2022-11-20T22:09:24 IST" name="Automation Suite" finished-at="2022-11-20T22:09:35 IST" duration-ms="11319">
    <groups>
    </groups>
    <test started-at="2022-11-20T22:09:24 IST" name="Web Application Test" finished-at="2022-11-20T22:09:35 IST" duration-ms="11319">
      <class name="com.inter.qa.testcases.TC_01_verifyTextValidationTest">
        <test-method is-config="true" signature="setup()[pri:0, instance:com.inter.qa.testcases.TC_01_verifyTextValidationTest@50a638b5]" started-at="2022-11-20T22:09:24 IST" name="setup" finished-at="2022-11-20T22:09:34 IST" duration-ms="10284" status="PASS">
          <reporter-output>
          </reporter-output>
        </test-method> <!-- setup -->
        <test-method signature="veriftTextmessagetest()[pri:0, instance:com.inter.qa.testcases.TC_01_verifyTextValidationTest@50a638b5]" started-at="2022-11-20T22:09:34 IST" name="veriftTextmessagetest" finished-at="2022-11-20T22:09:35 IST" duration-ms="723" status="PASS">
          <reporter-output>
          </reporter-output>
        </test-method> <!-- veriftTextmessagetest -->
        <test-method is-config="true" signature="teardown()[pri:0, instance:com.inter.qa.testcases.TC_01_verifyTextValidationTest@50a638b5]" started-at="2022-11-20T22:09:35 IST" name="teardown" finished-at="2022-11-20T22:09:35 IST" duration-ms="268" status="PASS">
          <reporter-output>
          </reporter-output>
        </test-method> <!-- teardown -->
      </class> <!-- com.inter.qa.testcases.TC_01_verifyTextValidationTest -->
    </test> <!-- Web Application Test -->
  </suite> <!-- Automation Suite -->
</testng-results>
