<?xml version="1.0" encoding="UTF-8"?>
<testng-results ignored="0" total="1" passed="1" failed="0" skipped="0">
  <reporter-output>
  </reporter-output>
  <suite started-at="2022-11-21T08:15:18 IST" name="Default suite" finished-at="2022-11-21T08:15:27 IST" duration-ms="8314">
    <groups>
    </groups>
    <test started-at="2022-11-21T08:15:18 IST" name="Default test" finished-at="2022-11-21T08:15:27 IST" duration-ms="8314">
      <class name="com.inter.qa.testcases.TC_02_AddAndRemoveTest">
        <test-method is-config="true" signature="setup()[pri:0, instance:com.inter.qa.testcases.TC_02_AddAndRemoveTest@36902638]" started-at="2022-11-21T08:15:19 IST" name="setup" finished-at="2022-11-21T08:15:23 IST" duration-ms="4399" status="PASS">
          <reporter-output>
          </reporter-output>
        </test-method> <!-- setup -->
        <test-method signature="verifyAddElementBtnTest()[pri:0, instance:com.inter.qa.testcases.TC_02_AddAndRemoveTest@36902638]" started-at="2022-11-21T08:15:23 IST" name="verifyAddElementBtnTest" finished-at="2022-11-21T08:15:27 IST" duration-ms="3693" status="PASS">
          <reporter-output>
          </reporter-output>
        </test-method> <!-- verifyAddElementBtnTest -->
        <test-method is-config="true" signature="teardown()[pri:0, instance:com.inter.qa.testcases.TC_02_AddAndRemoveTest@36902638]" started-at="2022-11-21T08:15:27 IST" name="teardown" finished-at="2022-11-21T08:15:27 IST" duration-ms="189" status="PASS">
          <reporter-output>
          </reporter-output>
        </test-method> <!-- teardown -->
      </class> <!-- com.inter.qa.testcases.TC_02_AddAndRemoveTest -->
    </test> <!-- Default test -->
  </suite> <!-- Default suite -->
</testng-results>
