<?xml version="1.0" encoding="UTF-8"?>
<!-- Generated by org.testng.reporters.JUnitReportReporter -->
<testsuite hostname="LAPTOP-U0FAR30F" failures="0" tests="1" name="com.inter.qa.testcases.TC_01_verifyTextValidationTest" time="11.275" errors="0" timestamp="2022-11-20T22:09:35 IST" skipped="0">
  <testcase classname="com.inter.qa.testcases.TC_01_verifyTextValidationTest" name="veriftTextmessagetest" time="11.275"/>
  <system-out/>
</testsuite> <!-- com.inter.qa.testcases.TC_01_verifyTextValidationTest -->
